Step: build-step-credential-initializer:

{"level":"warn","ts":1550868703.7180948,"logger":"fallback-logger","caller":"logging/config.go:65","msg":"Fetch GitHub commit ID from kodata failed: \"ref: refs/heads/test\" is not a valid GitHub commit ID"}
{"level":"info","ts":1550868703.7185216,"logger":"fallback-logger","caller":"creds-init/main.go:40","msg":"Credentials initialized."}
Step: build-step-git-source-0:

{"level":"warn","ts":1550868706.6399271,"logger":"fallback-logger","caller":"logging/config.go:65","msg":"Fetch GitHub commit ID from kodata failed: \"ref: refs/heads/test\" is not a valid GitHub commit ID"}
{"level":"info","ts":1550868710.0812626,"logger":"fallback-logger","caller":"git-init/main.go:92","msg":"Successfully cloned \"https://github.com/gniwll/jxqsreact.git\" @ \"master\" in path \"/workspace\""}
Step: build-step-jenkins:

Picked up _JAVA_OPTIONS: -Xmx400m
Started
Running in Durability level: PERFORMANCE_OPTIMIZED
   9.540 [id=47]	WARNING	i.f.k.c.i.VersionUsageUtils#alert: The client is using resource type 'customresourcedefinitions' with unstable version 'v1beta1'
[Pipeline] node
Running on Jenkins in /tmp/jenkinsTests.tmp/jenkins913864422875736054test/workspace/job
[Pipeline] {
[Pipeline] stage
[Pipeline] { (Declarative: Checkout SCM)
[Pipeline] checkout
[Pipeline] }
[Pipeline] // stage
[Pipeline] withCredentials
[Pipeline] {
[Pipeline] withEnv
[Pipeline] {
[Pipeline] stage
[Pipeline] { (CI Build and push snapshot)
Stage "CI Build and push snapshot" skipped due to when conditional
[Pipeline] }
[Pipeline] // stage
[Pipeline] stage
[Pipeline] { (Build Release)
[Pipeline] git
 > git rev-parse --is-inside-work-tree # timeout=10
Fetching changes from the remote Git repository
 > git config remote.origin.url https://github.com/gniwll/jxqsreact.git # timeout=10
Fetching upstream changes from https://github.com/gniwll/jxqsreact.git
 > git --version # timeout=10
 > git fetch --tags --progress https://github.com/gniwll/jxqsreact.git +refs/heads/*:refs/remotes/origin/*
 > git rev-parse refs/remotes/origin/master^{commit} # timeout=10
 > git rev-parse refs/remotes/origin/origin/master^{commit} # timeout=10
Checking out Revision e0ece2ca327741931ab070fb328fd94f66e71333 (refs/remotes/origin/master)
 > git config core.sparsecheckout # timeout=10
 > git checkout -f e0ece2ca327741931ab070fb328fd94f66e71333
 > git branch -a -v --no-abbrev # timeout=10
 > git branch -D master # timeout=10
 > git checkout -b master e0ece2ca327741931ab070fb328fd94f66e71333
Commit message: "Draft create"
First time build. Skipping changelog.
[Pipeline] sh
+ jx-release-version
+ echo 0.0.1
[Pipeline] sh
+ cat VERSION
+ jx step tag --version 0.0.1
Tag v0.0.1 created and pushed to remote origin
[Pipeline] sh
+ npm install
npm WARN notice [SECURITY] webpack-dev-server has the following vulnerability: 1 high. Go here for more details: https://nodesecurity.io/advisories?search=webpack-dev-server&version=2.9.4 - Run `npm i npm@latest -g` to upgrade your npm version, and then `npm audit` to get more info.
npm WARN deprecated browserslist@2.11.3: Browserslist 2 could fail on reading Browserslist >3.0 config used in other tools.
npm WARN deprecated browserslist@1.7.7: Browserslist 2 could fail on reading Browserslist >3.0 config used in other tools.
npm WARN deprecated circular-json@0.3.3: CircularJSON is in maintenance only, flatted is its successor.

> uglifyjs-webpack-plugin@0.4.6 postinstall /tmp/jenkinsTests.tmp/jenkins913864422875736054test/workspace/job/node_modules/uglifyjs-webpack-plugin
> node lib/post_install.js

npm notice created a lockfile as package-lock.json. You should commit this file.
npm WARN ajv-keywords@3.4.0 requires a peer of ajv@^6.9.1 but none is installed. You must install peer dependencies yourself.
npm WARN optional SKIPPING OPTIONAL DEPENDENCY: fsevents@1.2.7 (node_modules/fsevents):
npm WARN notsup SKIPPING OPTIONAL DEPENDENCY: Unsupported platform for fsevents@1.2.7: wanted {"os":"darwin","arch":"any"} (current: {"os":"linux","arch":"x64"})

added 1301 packages in 28.296s
[Pipeline] sh
+ CI=true DISPLAY=:99 npm test

> react-quickstart@0.1.0 test /tmp/jenkinsTests.tmp/jenkins913864422875736054test/workspace/job
> react-scripts test --env=jsdom

 PASS  src/components/App.test.js
  ✓ renders without crashing (20ms)

Test Suites: 1 passed, 1 total
Tests:       1 passed, 1 total
Snapshots:   0 total
Time:        0.788s
Ran all test suites.
[Pipeline] sh
+ cat VERSION
+ export VERSION=0.0.1
+ skaffold build -f skaffold.yaml
time="2019-02-22T20:53:39Z" level=warning msg="config version (skaffold/v1beta2) out of date: upgrading to latest (skaffold/v1beta3)"
Starting build...
Building [changeme]...
Sending build context to Docker daemon  550.4kBSending build context to Docker daemon  5.933MBSending build context to Docker daemon  10.23MBSending build context to Docker daemon  18.27MBSending build context to Docker daemon  26.91MBSending build context to Docker daemon  31.74MBSending build context to Docker daemon  38.17MBSending build context to Docker daemon   41.9MBSending build context to Docker daemon  49.85MBSending build context to Docker daemon  57.84MBSending build context to Docker daemon  63.68MBSending build context to Docker daemon  67.92MBSending build context to Docker daemon   73.8MBSending build context to Docker daemon  86.65MBSending build context to Docker daemon  103.3MBSending build context to Docker daemon  117.8MBSending build context to Docker daemon  126.3MBSending build context to Docker daemon  133.8MBSending build context to Docker daemon  140.7MBSending build context to Docker daemon  143.4MBSending build context to Docker daemon  145.1MB
Step 1/6 : FROM node:9-slim
9-slim: Pulling from library/node
5bba3ecb4cd6: Pulling fs layer
196b8e3c919d: Pulling fs layer
7d083412657b: Pulling fs layer
a88538b9cd05: Pulling fs layer
e01bd28a434b: Pulling fs layer
a88538b9cd05: Waiting
e01bd28a434b: Waiting
7d083412657b: Verifying Checksum
7d083412657b: Download complete
196b8e3c919d: Verifying Checksum
196b8e3c919d: Download complete
5bba3ecb4cd6: Verifying Checksum
5bba3ecb4cd6: Download complete
a88538b9cd05: Verifying Checksum
a88538b9cd05: Download complete
e01bd28a434b: Verifying Checksum
e01bd28a434b: Download complete
5bba3ecb4cd6: Pull complete
196b8e3c919d: Pull complete
7d083412657b: Pull complete
a88538b9cd05: Pull complete
e01bd28a434b: Pull complete
Digest: sha256:288b29c1925d65b2d7d8701f8ada201e7dcd066438c0fb4299c35dff129b893f
Status: Downloaded newer image for node:9-slim
 ---> e20bb4abe4ee
Step 2/6 : ENV PORT 8080
 ---> Running in 77fdd3eddd4b
 ---> 084b69db6ada
Step 3/6 : EXPOSE 8080
 ---> Running in a728a6facd6d
 ---> 2be000a8a184
Step 4/6 : WORKDIR /usr/src/app
 ---> Running in f5481c0f8f17
 ---> 3c26bf5da4a7
Step 5/6 : COPY . .
 ---> 6486cbb2ea4f
Step 6/6 : CMD ["npm", "start"]
 ---> Running in 7187831caa1d
 ---> 228ed4d7939c
Successfully built 228ed4d7939c
Successfully tagged d765cbd491afe8e3d1cf2e9018ff4cb2:latest
The push refers to repository [10.110.238.33:5000/gniwll/jxqsreact]
639c4235a59d: Preparing
9bc262356d80: Preparing
e16c226cf2a8: Preparing
7fd597d009e4: Preparing
7c6ab5fb7059: Preparing
ed271eac23e9: Preparing
156ff16f37e4: Preparing
ed271eac23e9: Waiting
9bc262356d80: Pushed
7c6ab5fb7059: Pushed
ed271eac23e9: Pushed
e16c226cf2a8: Pushed
156ff16f37e4: Pushed
7fd597d009e4: Pushed
639c4235a59d: Pushed
0.0.1: digest: sha256:7c96ae491cec515cae78278df3249d3ea3f6a1e284b129149775704fb02fea6a size: 1789
Build complete in 34.353478s
Starting test...
Test complete in 6.2µs
changeme -> 10.110.238.33:5000/gniwll/jxqsreact:0.0.1
There is a new version (0.23.0) of skaffold available. Download it at https://storage.googleapis.com/skaffold/releases/latest/skaffold-linux-amd64

[Pipeline] sh
+ cat VERSION
+ jx step post build --image 10.110.238.33:5000/gniwll/jxqsreact:0.0.1
[Pipeline] }
[Pipeline] // stage
[Pipeline] stage
[Pipeline] { (Promote to Environments)
[Pipeline] dir
Running in /tmp/jenkinsTests.tmp/jenkins913864422875736054test/workspace/job/charts/jxqsreact
[Pipeline] {
[Pipeline] sh
+ cat ../../VERSION
+ jx step changelog --batch-mode --version v0.0.1
Converted /tmp/jenkinsTests.tmp/jenkins913864422875736054test/workspace/job/charts/jxqsreact to an unshallow repository
Generating change log from git ref e0ece2ca327741931ab070fb328fd94f66e71333 => 1ece855c9d6caefb6dfb9a99b999aed7233775f1
Failed to enrich commits with issues: User.jenkins.io "" is invalid: metadata.name: Required value: name or generateName is required
Failed to enrich commits with issues: User.jenkins.io "" is invalid: metadata.name: Required value: name or generateName is required
Finding issues in commit messages using git format
No release found for gniwll/jxqsreact and tag v0.0.1 so creating a new release
Updated the release information at https://github.com/gniwll/jxqsreact/releases/tag/v0.0.1
generated: /tmp/jenkinsTests.tmp/jenkins913864422875736054test/workspace/job/charts/jxqsreact/templates/release.yaml
Created Release jxqsreact-0-0-1 resource in namespace jx
Updating PipelineActivity gniwll-jxqsreact-master-1 with version 0.0.1
Updated PipelineActivities gniwll-jxqsreact-master-1 with release notes URL: https://github.com/gniwll/jxqsreact/releases/tag/v0.0.1
[Pipeline] sh
+ jx step helm release
No $CHART_REPOSITORY defined so using the default value of: http://jenkins-x-chartmuseum:8080
Adding missing Helm repo: jenkins-x http://chartmuseum.jenkins-x.io
Successfully added Helm repository jenkins-x.
Adding missing Helm repo: releases http://jenkins-x-chartmuseum:8080
Successfully added Helm repository releases.
No $CHART_REPOSITORY defined so using the default value of: http://jenkins-x-chartmuseum:8080
Uploading chart file jxqsreact-0.0.1.tgz to http://jenkins-x-chartmuseum:8080/api/charts
Received 201 response: {"saved":true}
[Pipeline] sh
+ cat ../../VERSION
+ jx promote -b --all-auto --timeout 1h --version 0.0.1
prow based install so skip waiting for the merge of Pull Requests to go green as currently there is an issue with gettingstatuses from the PR, see https://github.com/jenkins-x/jx/issues/2410
Promoting app jxqsreact version 0.0.1 to namespace jx-staging
Created Pull Request: https://github.com/gniwll/environment-bellsand-staging/pull/1

Pull Request https://github.com/gniwll/environment-bellsand-staging/pull/1 is merged at sha 083f2f32c3b5aa1569e28d1854cae63573f503b1
Pull Request merged but we are not waiting for the update pipeline to complete!
Could not find the service URL in namespace jx-staging for names jxqsreact, jx-jxqsreact, jx-staging-jxqsreact
[Pipeline] }
[Pipeline] // dir
[Pipeline] }
[Pipeline] // stage
[Pipeline] }
[Pipeline] // withEnv
[Pipeline] }
[Pipeline] // withCredentials
[Pipeline] }
[Pipeline] // node
[Pipeline] End of Pipeline
Finished: SUCCESS
