Step: build-step-credential-initializer:

{"level":"warn","ts":1550869617.0490024,"logger":"fallback-logger","caller":"logging/config.go:65","msg":"Fetch GitHub commit ID from kodata failed: \"ref: refs/heads/test\" is not a valid GitHub commit ID"}
{"level":"info","ts":1550869617.0496914,"logger":"fallback-logger","caller":"creds-init/main.go:40","msg":"Credentials initialized."}
Step: build-step-git-source-0:

{"level":"warn","ts":1550869617.604682,"logger":"fallback-logger","caller":"logging/config.go:65","msg":"Fetch GitHub commit ID from kodata failed: \"ref: refs/heads/test\" is not a valid GitHub commit ID"}
{"level":"info","ts":1550869619.5636246,"logger":"fallback-logger","caller":"git-init/main.go:92","msg":"Successfully cloned \"https://github.com/gniwll/jxqsreact.git\" @ \"e11d70883f47d14e9f1287520a2be9969f757d24\" in path \"/workspace\""}
Step: build-step-jenkins:

Picked up _JAVA_OPTIONS: -Xmx400m
Started
Running in Durability level: PERFORMANCE_OPTIMIZED
   8.717 [id=43]	WARNING	i.f.k.c.i.VersionUsageUtils#alert: The client is using resource type 'customresourcedefinitions' with unstable version 'v1beta1'
[Pipeline] node
Running on Jenkins in /tmp/jenkinsTests.tmp/jenkins8629499459468463063test/workspace/job
[Pipeline] {
[Pipeline] stage
[Pipeline] { (Declarative: Checkout SCM)
[Pipeline] checkout
[Pipeline] }
[Pipeline] // stage
[Pipeline] withCredentials
[Pipeline] {
[Pipeline] withEnv
[Pipeline] {
[Pipeline] stage
[Pipeline] { (CI Build and push snapshot)
Stage "CI Build and push snapshot" skipped due to when conditional
[Pipeline] }
[Pipeline] // stage
[Pipeline] stage
[Pipeline] { (Build Release)
[Pipeline] git
 > git rev-parse --is-inside-work-tree # timeout=10
Fetching changes from the remote Git repository
 > git config remote.origin.url https://github.com/gniwll/jxqsreact.git # timeout=10
Fetching upstream changes from https://github.com/gniwll/jxqsreact.git
 > git --version # timeout=10
 > git fetch --tags --progress https://github.com/gniwll/jxqsreact.git +refs/heads/*:refs/remotes/origin/*
 > git rev-parse refs/remotes/origin/master^{commit} # timeout=10
 > git rev-parse refs/remotes/origin/origin/master^{commit} # timeout=10
Checking out Revision e11d70883f47d14e9f1287520a2be9969f757d24 (refs/remotes/origin/master)
 > git config core.sparsecheckout # timeout=10
 > git checkout -f e11d70883f47d14e9f1287520a2be9969f757d24
 > git branch -a -v --no-abbrev # timeout=10
 > git branch -D master # timeout=10
 > git checkout -b master e11d70883f47d14e9f1287520a2be9969f757d24
Commit message: "Merge pull request #1 from gniwll/feature/test1"
First time build. Skipping changelog.
[Pipeline] sh
+ jx-release-version
+ echo 0.0.2
[Pipeline] sh
+ cat VERSION
+ jx step tag --version 0.0.2
Tag v0.0.2 created and pushed to remote origin
[Pipeline] sh
+ npm install
npm WARN notice [SECURITY] webpack-dev-server has the following vulnerability: 1 high. Go here for more details: https://nodesecurity.io/advisories?search=webpack-dev-server&version=2.9.4 - Run `npm i npm@latest -g` to upgrade your npm version, and then `npm audit` to get more info.
npm WARN deprecated browserslist@2.11.3: Browserslist 2 could fail on reading Browserslist >3.0 config used in other tools.
npm WARN deprecated browserslist@1.7.7: Browserslist 2 could fail on reading Browserslist >3.0 config used in other tools.
npm WARN deprecated circular-json@0.3.3: CircularJSON is in maintenance only, flatted is its successor.

> uglifyjs-webpack-plugin@0.4.6 postinstall /tmp/jenkinsTests.tmp/jenkins8629499459468463063test/workspace/job/node_modules/uglifyjs-webpack-plugin
> node lib/post_install.js

npm notice created a lockfile as package-lock.json. You should commit this file.
npm WARN ajv-keywords@3.4.0 requires a peer of ajv@^6.9.1 but none is installed. You must install peer dependencies yourself.
npm WARN optional SKIPPING OPTIONAL DEPENDENCY: fsevents@1.2.7 (node_modules/fsevents):
npm WARN notsup SKIPPING OPTIONAL DEPENDENCY: Unsupported platform for fsevents@1.2.7: wanted {"os":"darwin","arch":"any"} (current: {"os":"linux","arch":"x64"})

added 1301 packages in 27.462s
[Pipeline] sh
+ CI=true DISPLAY=:99 npm test

> react-quickstart@0.1.0 test /tmp/jenkinsTests.tmp/jenkins8629499459468463063test/workspace/job
> react-scripts test --env=jsdom

 PASS  src/components/App.test.js
  ✓ renders without crashing (18ms)

Test Suites: 1 passed, 1 total
Tests:       1 passed, 1 total
Snapshots:   0 total
Time:        0.753s
Ran all test suites.
[Pipeline] sh
+ cat VERSION
+ export VERSION=0.0.2
+ skaffold build -f skaffold.yaml
time="2019-02-22T21:07:55Z" level=warning msg="config version (skaffold/v1beta2) out of date: upgrading to latest (skaffold/v1beta3)"
Starting build...
Building [changeme]...
Sending build context to Docker daemon  549.9kBSending build context to Docker daemon  9.708MBSending build context to Docker daemon   18.8MBSending build context to Docker daemon  27.96MBSending build context to Docker daemon  31.69MBSending build context to Docker daemon   38.1MBSending build context to Docker daemon  42.33MBSending build context to Docker daemon  50.79MBSending build context to Docker daemon  59.83MBSending build context to Docker daemon  66.71MBSending build context to Docker daemon  73.64MBSending build context to Docker daemon  89.78MBSending build context to Docker daemon    107MBSending build context to Docker daemon  122.1MBSending build context to Docker daemon  128.5MBSending build context to Docker daemon  138.6MBSending build context to Docker daemon  145.2MB
Step 1/6 : FROM node:9-slim
 ---> e20bb4abe4ee
Step 2/6 : ENV PORT 8080
 ---> Using cache
 ---> 084b69db6ada
Step 3/6 : EXPOSE 8080
 ---> Using cache
 ---> 2be000a8a184
Step 4/6 : WORKDIR /usr/src/app
 ---> Using cache
 ---> 3c26bf5da4a7
Step 5/6 : COPY . .
 ---> 334f2536e908
Step 6/6 : CMD ["npm", "start"]
 ---> Running in fabf9b604706
 ---> 4575f09eaf44
Successfully built 4575f09eaf44
Successfully tagged 4cdfdb0e394a162f7eb698a51852c760:latest
The push refers to repository [10.110.238.33:5000/gniwll/jxqsreact]
50dc0b00210e: Preparing
9bc262356d80: Preparing
e16c226cf2a8: Preparing
7fd597d009e4: Preparing
7c6ab5fb7059: Preparing
ed271eac23e9: Preparing
156ff16f37e4: Preparing
ed271eac23e9: Waiting
156ff16f37e4: Waiting
7fd597d009e4: Layer already exists
e16c226cf2a8: Layer already exists
9bc262356d80: Layer already exists
7c6ab5fb7059: Layer already exists
156ff16f37e4: Layer already exists
ed271eac23e9: Layer already exists
50dc0b00210e: Pushed
0.0.2: digest: sha256:c1920e71a48fe5d91707b04cd902683004915dd6937d623bc9b2cdd76b73c163 size: 1789
Build complete in 19.0432911s
Starting test...
Test complete in 3.2µs
changeme -> 10.110.238.33:5000/gniwll/jxqsreact:0.0.2
There is a new version (0.23.0) of skaffold available. Download it at https://storage.googleapis.com/skaffold/releases/latest/skaffold-linux-amd64

[Pipeline] sh
+ cat VERSION
+ jx step post build --image 10.110.238.33:5000/gniwll/jxqsreact:0.0.2
[Pipeline] }
[Pipeline] // stage
[Pipeline] stage
[Pipeline] { (Promote to Environments)
[Pipeline] dir
Running in /tmp/jenkinsTests.tmp/jenkins8629499459468463063test/workspace/job/charts/jxqsreact
[Pipeline] {
[Pipeline] sh
+ cat ../../VERSION
+ jx step changelog --batch-mode --version v0.0.2
Converted /tmp/jenkinsTests.tmp/jenkins8629499459468463063test/workspace/job/charts/jxqsreact to an unshallow repository
Generating change log from git ref e11d70883f47d14e9f1287520a2be9969f757d24 => 730fbe379490e3801fe8393eb441faa650082585
Failed to enrich commits with issues: User.jenkins.io "" is invalid: metadata.name: Required value: name or generateName is required
Failed to enrich commits with issues: User.jenkins.io "" is invalid: metadata.name: Required value: name or generateName is required
Finding issues in commit messages using git format
No release found for gniwll/jxqsreact and tag v0.0.2 so creating a new release
Updated the release information at https://github.com/gniwll/jxqsreact/releases/tag/v0.0.2
generated: /tmp/jenkinsTests.tmp/jenkins8629499459468463063test/workspace/job/charts/jxqsreact/templates/release.yaml
Created Release jxqsreact-0-0-2 resource in namespace jx
Updating PipelineActivity gniwll-jxqsreact-master-2 with version 0.0.2
Updated PipelineActivities gniwll-jxqsreact-master-2 with release notes URL: https://github.com/gniwll/jxqsreact/releases/tag/v0.0.2
[Pipeline] sh
+ jx step helm release
No $CHART_REPOSITORY defined so using the default value of: http://jenkins-x-chartmuseum:8080
Adding missing Helm repo: jenkins-x http://chartmuseum.jenkins-x.io
Successfully added Helm repository jenkins-x.
Adding missing Helm repo: releases http://jenkins-x-chartmuseum:8080
Successfully added Helm repository releases.
No $CHART_REPOSITORY defined so using the default value of: http://jenkins-x-chartmuseum:8080
Uploading chart file jxqsreact-0.0.2.tgz to http://jenkins-x-chartmuseum:8080/api/charts
Received 201 response: {"saved":true}
[Pipeline] sh
+ cat ../../VERSION
+ jx promote -b --all-auto --timeout 1h --version 0.0.2
prow based install so skip waiting for the merge of Pull Requests to go green as currently there is an issue with gettingstatuses from the PR, see https://github.com/jenkins-x/jx/issues/2410
Promoting app jxqsreact version 0.0.2 to namespace jx-staging
Created Pull Request: https://github.com/gniwll/environment-bellsand-staging/pull/2

Pull Request https://github.com/gniwll/environment-bellsand-staging/pull/2 is merged at sha 72efcc234042e5bda1bcd0f4638fc7c229a742a0
Pull Request merged but we are not waiting for the update pipeline to complete!
[Pipeline] }
[Pipeline] // dir
[Pipeline] }
[Pipeline] // stage
[Pipeline] }
[Pipeline] // withEnv
[Pipeline] }
[Pipeline] // withCredentials
[Pipeline] }
[Pipeline] // node
[Pipeline] End of Pipeline
Finished: SUCCESS
