Step: build-step-credential-initializer:

{"level":"warn","ts":1550869021.5150776,"logger":"fallback-logger","caller":"logging/config.go:65","msg":"Fetch GitHub commit ID from kodata failed: \"ref: refs/heads/test\" is not a valid GitHub commit ID"}
{"level":"info","ts":1550869021.5155556,"logger":"fallback-logger","caller":"creds-init/main.go:40","msg":"Credentials initialized."}
Step: build-step-git-source-0:

{"level":"warn","ts":1550869022.5749152,"logger":"fallback-logger","caller":"logging/config.go:65","msg":"Fetch GitHub commit ID from kodata failed: \"ref: refs/heads/test\" is not a valid GitHub commit ID"}
{"level":"info","ts":1550869024.6828086,"logger":"fallback-logger","caller":"git-init/main.go:92","msg":"Successfully cloned \"https://github.com/gniwll/jxqsreact.git\" @ \"6a5a47b2a5c80847942e1e6139f26e53a02a8b3e\" in path \"/workspace\""}
Step: build-step-jenkins:

Picked up _JAVA_OPTIONS: -Xmx400m
Started
Running in Durability level: PERFORMANCE_OPTIMIZED
   9.163 [id=47]	WARNING	i.f.k.c.i.VersionUsageUtils#alert: The client is using resource type 'customresourcedefinitions' with unstable version 'v1beta1'
[Pipeline] node
Running on Jenkins in /tmp/jenkinsTests.tmp/jenkins6336853826570444153test/workspace/job
[Pipeline] {
[Pipeline] stage
[Pipeline] { (Declarative: Checkout SCM)
[Pipeline] checkout
[Pipeline] }
[Pipeline] // stage
[Pipeline] withCredentials
[Pipeline] {
[Pipeline] withEnv
[Pipeline] {
[Pipeline] stage
[Pipeline] { (CI Build and push snapshot)
[Pipeline] withEnv
[Pipeline] {
[Pipeline] sh
+ npm install
npm WARN notice [SECURITY] webpack-dev-server has the following vulnerability: 1 high. Go here for more details: https://nodesecurity.io/advisories?search=webpack-dev-server&version=2.9.4 - Run `npm i npm@latest -g` to upgrade your npm version, and then `npm audit` to get more info.
npm WARN deprecated browserslist@2.11.3: Browserslist 2 could fail on reading Browserslist >3.0 config used in other tools.
npm WARN deprecated browserslist@1.7.7: Browserslist 2 could fail on reading Browserslist >3.0 config used in other tools.
npm WARN deprecated circular-json@0.3.3: CircularJSON is in maintenance only, flatted is its successor.

> uglifyjs-webpack-plugin@0.4.6 postinstall /tmp/jenkinsTests.tmp/jenkins6336853826570444153test/workspace/job/node_modules/uglifyjs-webpack-plugin
> node lib/post_install.js

npm notice created a lockfile as package-lock.json. You should commit this file.
npm WARN ajv-keywords@3.4.0 requires a peer of ajv@^6.9.1 but none is installed. You must install peer dependencies yourself.
npm WARN optional SKIPPING OPTIONAL DEPENDENCY: fsevents@1.2.7 (node_modules/fsevents):
npm WARN notsup SKIPPING OPTIONAL DEPENDENCY: Unsupported platform for fsevents@1.2.7: wanted {"os":"darwin","arch":"any"} (current: {"os":"linux","arch":"x64"})

added 1301 packages in 27.562s
[Pipeline] sh
+ CI=true DISPLAY=:99 npm test

> react-quickstart@0.1.0 test /tmp/jenkinsTests.tmp/jenkins6336853826570444153test/workspace/job
> react-scripts test --env=jsdom

 PASS  src/components/App.test.js
  ✓ renders without crashing (27ms)

Test Suites: 1 passed, 1 total
Tests:       1 passed, 1 total
Snapshots:   0 total
Time:        0.797s
Ran all test suites.
[Pipeline] sh
+ export VERSION=0.0.0-SNAPSHOT-PR-1-1
+ skaffold build -f skaffold.yaml
time="2019-02-22T20:57:53Z" level=warning msg="config version (skaffold/v1beta2) out of date: upgrading to latest (skaffold/v1beta3)"
Starting build...
Building [changeme]...
Sending build context to Docker daemon  527.4kBSending build context to Docker daemon  6.434MBSending build context to Docker daemon  12.36MBSending build context to Docker daemon  24.76MBSending build context to Docker daemon  30.67MBSending build context to Docker daemon  34.95MBSending build context to Docker daemon   40.8MBSending build context to Docker daemon  45.06MBSending build context to Docker daemon  53.53MBSending build context to Docker daemon  62.08MBSending build context to Docker daemon  66.84MBSending build context to Docker daemon  75.38MBSending build context to Docker daemon  93.09MBSending build context to Docker daemon  112.4MBSending build context to Docker daemon  124.7MBSending build context to Docker daemon  133.3MBSending build context to Docker daemon  142.3MBSending build context to Docker daemon  145.1MB
Step 1/6 : FROM node:9-slim
 ---> e20bb4abe4ee
Step 2/6 : ENV PORT 8080
 ---> Using cache
 ---> 084b69db6ada
Step 3/6 : EXPOSE 8080
 ---> Using cache
 ---> 2be000a8a184
Step 4/6 : WORKDIR /usr/src/app
 ---> Using cache
 ---> 3c26bf5da4a7
Step 5/6 : COPY . .
 ---> f39822f91c88
Step 6/6 : CMD ["npm", "start"]
 ---> Running in 733e27c2dd5e
 ---> 48953aebf43a
Successfully built 48953aebf43a
Successfully tagged bca7104b4a4b75c6972324dd4e2e26f1:latest
The push refers to repository [10.110.238.33:5000/gniwll/jxqsreact]
90311cd421bc: Preparing
9bc262356d80: Preparing
e16c226cf2a8: Preparing
7fd597d009e4: Preparing
7c6ab5fb7059: Preparing
ed271eac23e9: Preparing
156ff16f37e4: Preparing
ed271eac23e9: Waiting
156ff16f37e4: Waiting
e16c226cf2a8: Layer already exists
7fd597d009e4: Layer already exists
9bc262356d80: Layer already exists
7c6ab5fb7059: Layer already exists
156ff16f37e4: Layer already exists
ed271eac23e9: Layer already exists
90311cd421bc: Pushed
0.0.0-SNAPSHOT-PR-1-1: digest: sha256:cab5f2afa4713f236c385fa0575eca5b99f6af0b71d6d2697cac4f7ec683fe24 size: 1789
Build complete in 18.4639295s
Starting test...
Test complete in 3µs
changeme -> 10.110.238.33:5000/gniwll/jxqsreact:0.0.0-SNAPSHOT-PR-1-1
There is a new version (0.23.0) of skaffold available. Download it at https://storage.googleapis.com/skaffold/releases/latest/skaffold-linux-amd64

[Pipeline] sh
+ jx step post build --image 10.110.238.33:5000/gniwll/jxqsreact:0.0.0-SNAPSHOT-PR-1-1
[Pipeline] dir
Running in /tmp/jenkinsTests.tmp/jenkins6336853826570444153test/workspace/job/charts/preview
[Pipeline] {
[Pipeline] sh
+ make preview
sed -i -e "s/version:.*/version: 0.0.0-SNAPSHOT-PR-1-1/" Chart.yaml
sed -i -e "s/version:.*/version: 0.0.0-SNAPSHOT-PR-1-1/" ../*/Chart.yaml
sed -i -e "s|repository:.*|repository: 10.110.238.33:5000\/gniwll\/jxqsreact|" values.yaml
sed -i -e "s/tag:.*/tag: 0.0.0-SNAPSHOT-PR-1-1/" values.yaml
echo "  version: 0.0.0-SNAPSHOT-PR-1-1" >> requirements.yaml
jx step helm build
No $CHART_REPOSITORY defined so using the default value of: http://jenkins-x-chartmuseum:8080
Adding missing Helm repo: jenkins-x http://chartmuseum.jenkins-x.io
Successfully added Helm repository jenkins-x.
Adding missing Helm repo: releases http://jenkins-x-chartmuseum:8080
Successfully added Helm repository releases.
[Pipeline] sh
+ jx preview --app jxqsreact --dir ../..
Creating a preview
Commit author email is empty for: 6a5a47b2a5c80847942e1e6139f26e53a02a8b3e
Looking for commits in: /tmp/jenkinsTests.tmp/jenkins6336853826570444153test/workspace/job/
Found commit author match for: gniwll with email address: gniwll@gmail.com
Created environment gniwll-jxqsreact-pr-1
Namespace jx-gniwll-jxqsreact-pr-1 created 
 expose:
  Annotations:
    helm.sh/hook: post-install,post-upgrade
    helm.sh/hook-delete-policy: hook-succeeded
  config:
    domain: 61.239.30.37.nip.io
    exposer: Ingress
    http: "true"
preview:
  image:
    repository: 10.110.238.33:5000/gniwll/jxqsreact
    tag: 0.0.0-SNAPSHOT-PR-1-1
Failed to update PipelineActivities gniwll-jxqsreact-pr-1-1: the namespace of the object (jx-gniwll-jxqsreact-pr-1) does not match the namespace on the request (jx)
Preview application is now available at: http://jxqsreact.jx-gniwll-jxqsreact-pr-1.61.239.30.37.nip.io

[Pipeline] }
[Pipeline] // dir
[Pipeline] }
[Pipeline] // withEnv
[Pipeline] }
[Pipeline] // stage
[Pipeline] stage
[Pipeline] { (Build Release)
Stage "Build Release" skipped due to when conditional
[Pipeline] }
[Pipeline] // stage
[Pipeline] stage
[Pipeline] { (Promote to Environments)
Stage "Promote to Environments" skipped due to when conditional
[Pipeline] }
[Pipeline] // stage
[Pipeline] }
[Pipeline] // withEnv
[Pipeline] }
[Pipeline] // withCredentials
[Pipeline] }
[Pipeline] // node
[Pipeline] End of Pipeline
Finished: SUCCESS
